<?xml version="1.0" encoding="UTF-8"?>
<!-- Generated by org.testng.reporters.JUnitXMLReporter -->
<testsuite ignored="0" hostname="GANESH" failures="0" tests="4" name="Default test" time="67.21" errors="0" timestamp="2023-06-12T00:03:48 EDT">
  <testcase classname="google.MainTest" name="google" time="12.726"/>
  <testcase classname="google.MainTest" name="map" time="9.745"/>
  <testcase classname="google.MainTest" name="news" time="9.418"/>
  <testcase classname="google.MainTest" name="shop" time="28.196"/>
</testsuite> <!-- Default test -->
